TN:
SF:src/lib/http.js
FN:6,(anonymous_0)
FNF:1
FNH:1
FNDA:11,(anonymous_0)
DA:6,11
DA:8,1
LF:2
LH:2
BRF:0
BRH:0
end_of_record
TN:
SF:src/lib/ipdata.js
FN:7,(anonymous_0)
FN:9,(anonymous_1)
FN:11,(anonymous_2)
FN:28,(anonymous_3)
FN:30,(anonymous_4)
FN:32,(anonymous_5)
FNF:6
FNH:6
FNDA:2,(anonymous_0)
FNDA:2,(anonymous_1)
FNDA:2,(anonymous_2)
FNDA:2,(anonymous_3)
FNDA:2,(anonymous_4)
FNDA:2,(anonymous_5)
DA:1,5
DA:7,5
DA:9,2
DA:11,2
DA:13,2
DA:14,1
DA:16,1
DA:28,5
DA:30,2
DA:32,2
DA:34,2
DA:35,1
DA:37,1
DA:45,5
LF:14
LH:14
BRDA:13,0,0,1
BRDA:13,0,1,1
BRDA:34,1,0,1
BRDA:34,1,1,1
BRF:4
BRH:4
end_of_record
TN:
SF:src/lib/weather.js
FN:19,(anonymous_0)
FN:41,(anonymous_1)
FNF:2
FNH:2
FNDA:3,(anonymous_0)
FNDA:3,(anonymous_1)
DA:1,7
DA:2,7
DA:3,7
DA:7,7
DA:12,7
DA:19,7
DA:21,3
DA:22,3
DA:26,3
DA:29,3
DA:30,2
DA:32,1
DA:41,7
DA:43,3
DA:44,3
DA:48,3
DA:51,3
DA:52,2
DA:54,1
DA:58,7
LF:20
LH:20
BRDA:29,0,0,2
BRDA:29,0,1,1
BRDA:29,1,0,3
BRDA:29,1,1,3
BRDA:51,2,0,2
BRDA:51,2,1,1
BRDA:51,3,0,3
BRDA:51,3,1,3
BRF:8
BRH:8
end_of_record
TN:
SF:src/server/middleware.js
FN:9,(anonymous_0)
FNF:1
FNH:1
FNDA:1,(anonymous_0)
DA:9,1
DA:12,1
DA:15,1
DA:17,1
DA:24,1
LF:5
LH:5
BRDA:12,0,0,1
BRDA:12,0,1,0
BRDA:12,1,0,1
BRDA:12,1,1,1
BRDA:15,2,0,1
BRDA:15,2,1,0
BRDA:15,3,0,1
BRDA:15,3,1,1
BRF:8
BRH:6
end_of_record
TN:
SF:src/services/current.js
FN:15,(anonymous_0)
FNF:1
FNH:1
FNDA:3,(anonymous_0)
DA:4,3
DA:8,3
DA:15,3
DA:18,3
DA:21,3
DA:24,3
DA:26,3
DA:33,3
LF:8
LH:8
BRDA:15,0,0,1
BRDA:18,1,0,1
BRDA:18,1,1,2
BRDA:21,2,0,1
BRDA:21,2,1,2
BRF:5
BRH:5
end_of_record
TN:
SF:src/services/forecast.js
FN:15,(anonymous_0)
FNF:1
FNH:1
FNDA:3,(anonymous_0)
DA:4,3
DA:8,3
DA:15,3
DA:18,3
DA:21,3
DA:24,3
DA:26,3
DA:33,3
LF:8
LH:8
BRDA:15,0,0,1
BRDA:18,1,0,1
BRDA:18,1,1,2
BRDA:21,2,0,1
BRDA:21,2,1,2
BRF:5
BRH:5
end_of_record
TN:
SF:src/services/location.js
FN:8,(anonymous_0)
FNF:1
FNH:1
FNDA:1,(anonymous_0)
DA:3,1
DA:8,1
DA:10,1
LF:3
LH:3
BRF:0
BRH:0
end_of_record
